{
  "E:/Data/Download/storybook-8/stories/Button.jsx": {
    "path": "E:/Data/Download/storybook-8/stories/Button.jsx",
    "statementMap": {
      "0": {
        "start": {
          "line": 8,
          "column": 0
        },
        "end": {
          "line": 20,
          "column": null
        }
      },
      "1": {
        "start": {
          "line": 9,
          "column": 0
        },
        "end": {
          "line": 9,
          "column": null
        }
      },
      "2": {
        "start": {
          "line": 10,
          "column": 0
        },
        "end": {
          "line": 18,
          "column": null
        }
      },
      "3": {
        "start": {
          "line": 22,
          "column": 0
        },
        "end": {
          "line": 43,
          "column": null
        }
      },
      "4": {
        "start": {
          "line": 45,
          "column": 0
        },
        "end": {
          "line": 50,
          "column": null
        }
      }
    },
    "fnMap": {
      "0": {
        "name": "(anonymous_0)",
        "decl": {
          "start": {
            "line": 8,
            "column": 0
          },
          "end": {
            "line": 8,
            "column": null
          }
        },
        "loc": {
          "start": {
            "line": 8,
            "column": 0
          },
          "end": {
            "line": 20,
            "column": null
          }
        }
      }
    },
    "branchMap": {
      "0": {
        "loc": {
          "start": {
            "line": 9,
            "column": 0
          },
          "end": {
            "line": 9,
            "column": null
          }
        },
        "type": "cond-expr",
        "locations": [
          {
            "start": {
              "line": 9,
              "column": 0
            },
            "end": {
              "line": 9,
              "column": null
            }
          },
          {
            "start": {
              "line": 9,
              "column": 0
            },
            "end": {
              "line": 9,
              "column": null
            }
          }
        ]
      },
      "1": {
        "loc": {
          "start": {
            "line": 14,
            "column": 0
          },
          "end": {
            "line": 14,
            "column": null
          }
        },
        "type": "binary-expr",
        "locations": [
          {
            "start": {
              "line": 14,
              "column": 0
            },
            "end": {
              "line": 14,
              "column": null
            }
          },
          {
            "start": {
              "line": 14,
              "column": 0
            },
            "end": {
              "line": 14,
              "column": null
            }
          }
        ]
      }
    },
    "s": {
      "0": 11,
      "1": 33,
      "2": 33,
      "3": 11,
      "4": 11
    },
    "f": {
      "0": 33
    },
    "b": {
      "0": [
        12,
        21
      ],
      "1": [
        33,
        0
      ]
    }
  },
  "E:/Data/Download/storybook-8/stories/Header.jsx": {
    "path": "E:/Data/Download/storybook-8/stories/Header.jsx",
    "statementMap": {
      "0": {
        "start": {
          "line": 7,
          "column": 0
        },
        "end": {
          "line": 45,
          "column": null
        }
      },
      "1": {
        "start": {
          "line": 8,
          "column": 0
        },
        "end": {
          "line": 45,
          "column": null
        }
      },
      "2": {
        "start": {
          "line": 48,
          "column": 0
        },
        "end": {
          "line": 55,
          "column": null
        }
      },
      "3": {
        "start": {
          "line": 57,
          "column": 0
        },
        "end": {
          "line": 59,
          "column": null
        }
      }
    },
    "fnMap": {
      "0": {
        "name": "(anonymous_0)",
        "decl": {
          "start": {
            "line": 7,
            "column": 0
          },
          "end": {
            "line": 7,
            "column": null
          }
        },
        "loc": {
          "start": {
            "line": 8,
            "column": 0
          },
          "end": {
            "line": 45,
            "column": null
          }
        }
      }
    },
    "branchMap": {
      "0": {
        "loc": {
          "start": {
            "line": 30,
            "column": 0
          },
          "end": {
            "line": 41,
            "column": null
          }
        },
        "type": "cond-expr",
        "locations": [
          {
            "start": {
              "line": 31,
              "column": 0
            },
            "end": {
              "line": 36,
              "column": null
            }
          },
          {
            "start": {
              "line": 38,
              "column": 0
            },
            "end": {
              "line": 41,
              "column": null
            }
          }
        ]
      }
    },
    "s": {
      "0": 6,
      "1": 12,
      "2": 6,
      "3": 6
    },
    "f": {
      "0": 12
    },
    "b": {
      "0": [
        5,
        7
      ]
    }
  },
  "E:/Data/Download/storybook-8/stories/Page.jsx": {
    "path": "E:/Data/Download/storybook-8/stories/Page.jsx",
    "statementMap": {
      "0": {
        "start": {
          "line": 6,
          "column": 0
        },
        "end": {
          "line": 69,
          "column": null
        }
      },
      "1": {
        "start": {
          "line": 7,
          "column": 0
        },
        "end": {
          "line": 7,
          "column": null
        }
      },
      "2": {
        "start": {
          "line": 9,
          "column": 0
        },
        "end": {
          "line": 67,
          "column": null
        }
      },
      "3": {
        "start": {
          "line": 13,
          "column": 0
        },
        "end": {
          "line": 13,
          "column": null
        }
      },
      "4": {
        "start": {
          "line": 14,
          "column": 0
        },
        "end": {
          "line": 14,
          "column": null
        }
      },
      "5": {
        "start": {
          "line": 15,
          "column": 0
        },
        "end": {
          "line": 15,
          "column": null
        }
      }
    },
    "fnMap": {
      "0": {
        "name": "(anonymous_0)",
        "decl": {
          "start": {
            "line": 6,
            "column": 0
          },
          "end": {
            "line": 6,
            "column": null
          }
        },
        "loc": {
          "start": {
            "line": 6,
            "column": 0
          },
          "end": {
            "line": 69,
            "column": null
          }
        }
      },
      "1": {
        "name": "(anonymous_1)",
        "decl": {
          "start": {
            "line": 13,
            "column": 0
          },
          "end": {
            "line": 13,
            "column": null
          }
        },
        "loc": {
          "start": {
            "line": 13,
            "column": 0
          },
          "end": {
            "line": 13,
            "column": null
          }
        }
      },
      "2": {
        "name": "(anonymous_2)",
        "decl": {
          "start": {
            "line": 14,
            "column": 0
          },
          "end": {
            "line": 14,
            "column": null
          }
        },
        "loc": {
          "start": {
            "line": 14,
            "column": 0
          },
          "end": {
            "line": 14,
            "column": null
          }
        }
      },
      "3": {
        "name": "(anonymous_3)",
        "decl": {
          "start": {
            "line": 15,
            "column": 0
          },
          "end": {
            "line": 15,
            "column": null
          }
        },
        "loc": {
          "start": {
            "line": 15,
            "column": 0
          },
          "end": {
            "line": 15,
            "column": null
          }
        }
      }
    },
    "branchMap": {},
    "s": {
      "0": 3,
      "1": 7,
      "2": 7,
      "3": 2,
      "4": 0,
      "5": 0
    },
    "f": {
      "0": 7,
      "1": 2,
      "2": 0,
      "3": 0
    },
    "b": {}
  }
}